<?xml version="1.0" encoding="UTF-8"?>
<!-- Generated by org.testng.reporters.JUnitReportReporter -->
<testsuite hostname="TOWWWNY" failures="0" tests="1" name="com.google.FirstTest" time="10.815" errors="0" timestamp="18 Feb 2024 00:40:26 GMT" skipped="0">
  <testcase classname="com.google.FirstTest" name="TC001" time="10.815"/>
</testsuite> <!-- com.google.FirstTest -->
