<?xml version="1.0" encoding="UTF-8"?>
<!-- Generated by org.testng.reporters.JUnitReportReporter -->
<testsuite hostname="TOWWWNY" failures="0" tests="1" name="com.orangeHR.LoginTestPOM" time="4.999" errors="0" timestamp="29 Feb 2024 19:06:32 GMT" skipped="0">
  <testcase classname="com.orangeHR.LoginTestPOM" name="TC002POM" time="4.999"/>
</testsuite> <!-- com.orangeHR.LoginTestPOM -->
