<?xml version="1.0" encoding="UTF-8"?>
<!-- Generated by org.testng.reporters.JUnitReportReporter -->
<testsuite hostname="TOWWWNY" failures="0" tests="1" name="com.orangeHR.LoginTest" time="5.361" errors="0" timestamp="29 Feb 2024 01:37:16 GMT" skipped="0">
  <testcase classname="com.orangeHR.LoginTest" name="T002" time="5.361"/>
</testsuite> <!-- com.orangeHR.LoginTest -->
